<?xml version="1.0" encoding="UTF-8"?>
<!-- Generated by org.testng.reporters.JUnitReportReporter -->
<testsuite skipped="0" hostname="ANITHA" name="com.google.test.GmailPageTest" tests="1" failures="0" timestamp="28 Dec 2017 21:41:09 GMT" time="12.007" errors="0">
  <testcase name="f" time="12.007" classname="com.google.test.GmailPageTest"/>
</testsuite> <!-- com.google.test.GmailPageTest -->
