<?xml version="1.0" encoding="UTF-8"?>
<!-- Generated by org.testng.reporters.JUnitReportReporter -->
<testsuite skipped="0" hostname="ANITHA" name="com.wordpress.Testcases.VerifyWordpressLogin" tests="1" failures="0" timestamp="17 Dec 2017 21:06:25 GMT" time="13.104" errors="0">
  <testcase name="verifyValidLogin" time="13.104" classname="com.wordpress.Testcases.VerifyWordpressLogin"/>
</testsuite> <!-- com.wordpress.Testcases.VerifyWordpressLogin -->
