<?xml version="1.0" encoding="UTF-8"?>
<!-- Generated by org.testng.reporters.JUnitReportReporter -->
<testsuite hostname="ANITHA" name="com.selenium.tests.LoginScenarios" tests="1" failures="0" timestamp="27 Dec 2017 19:50:44 GMT" time="12.814" errors="0">
  <testcase name="login_001" time="12.814" classname="com.selenium.tests.LoginScenarios"/>
</testsuite> <!-- com.selenium.tests.LoginScenarios -->
